[2024-12-21 14:49:58] [info] Start Program:
Path:".\\x64\\Debug\\LABA-PPOIS-2.exe"
Arguments:
Working directory: not set.
Modules: Selected: * Excluded: 
Sources: Selected: LABA-PPOIS-2 Excluded: 
Log Level: Normal
Cover Children: 0
Aggregate by file: 1
Continue after C++ exception: 0
Optimized build support: 0
Export: html 
Input coverage: 
Unified diff: 
Excluded line regular expressions: 
Substitute pdb source paths: 
[2024-12-21 14:49:58] [info] Module: C:\Users\37533\Desktop\laba-1\LABA-PPOIS-2\x64\Debug\LABA-PPOIS-2.exe is selected because it matches selected pattern: *
[2024-12-21 14:49:58] [info] Module: C:\Windows\System32\ntdll.dll is selected because it matches selected pattern: *
[2024-12-21 14:49:58] [info] Module: C:\Windows\System32\kernel32.dll is selected because it matches selected pattern: *
[2024-12-21 14:49:58] [info] Module: C:\Windows\System32\KernelBase.dll is selected because it matches selected pattern: *
[2024-12-21 14:49:58] [info] Module: C:\Windows\System32\msvcp140d.dll is selected because it matches selected pattern: *
[2024-12-21 14:49:58] [info] Module: C:\Windows\System32\vcruntime140d.dll is selected because it matches selected pattern: *
[2024-12-21 14:49:58] [info] Module: D:\googletest\googletest\build\bin\Debug\gtest.dll is selected because it matches selected pattern: *
[2024-12-21 14:49:58] [info] Module: C:\Windows\System32\ucrtbased.dll is selected because it matches selected pattern: *
[2024-12-21 14:49:58] [info] Module: C:\Windows\System32\vcruntime140_1d.dll is selected because it matches selected pattern: *
[2024-12-21 14:49:58] [info] Module: C:\Windows\System32\vcruntime140_1d.dll is selected because it matches selected pattern: *
[2024-12-21 14:49:58] [info] Module: C:\Windows\System32\vcruntime140_1d.dll is selected because it matches selected pattern: *
[2024-12-21 14:49:58] [info] Module: C:\Windows\System32\sechost.dll is selected because it matches selected pattern: *
[2024-12-21 14:49:58] [info] Module: C:\Windows\System32\bcrypt.dll is selected because it matches selected pattern: *
[2024-12-21 14:49:58] [info] Module: C:\Windows\System32\kernel.appcore.dll is selected because it matches selected pattern: *
[2024-12-21 14:49:58] [info] Module: C:\Windows\System32\msvcrt.dll is selected because it matches selected pattern: *
[2024-12-21 14:49:58] [info] ----------------------------------------------------
[2024-12-21 14:49:58] [info] Coverage generated in Folder C:\Users\37533\Desktop\laba-1\LABA-PPOIS-2\CoverageReport-2024-12-21-14h49m58s
[2024-12-21 14:49:58] [info] ----------------------------------------------------
[2024-12-21 14:49:58] [info] The code coverage report is not what you expect? See the FAQ https://github.com/OpenCppCoverage/OpenCppCoverage/wiki/FAQ.
